[21-Mar-2017 10:19:36 UTC] PHP Parse error:  syntax error, unexpected 'setSessionValue' (T_STRING) in /home/ubuntu/workspace/JavaScript-Public/InBrowser/09-Ajax/NumberGuess.php on line 41
[21-Mar-2017 10:31:35 UTC] PHP Warning:  session_start(): open(home/ubuntu/workspace/sessions/sess_a5vqt6n7a7nm488msiemihdvq0, O_RDWR) failed: No such file or directory (2) in /home/ubuntu/workspace/JavaScript-Public/InBrowser/09-Ajax/NumberGuess.php on line 4
[21-Mar-2017 10:31:35 UTC] PHP Stack trace:
[21-Mar-2017 10:31:35 UTC] PHP   1. {main}() /home/ubuntu/workspace/JavaScript-Public/InBrowser/09-Ajax/NumberGuess.php:0
[21-Mar-2017 10:31:35 UTC] PHP   2. session_start() /home/ubuntu/workspace/JavaScript-Public/InBrowser/09-Ajax/NumberGuess.php:4
[21-Mar-2017 10:31:54 UTC] PHP Warning:  session_start(): open(home/ubuntu/workspace/sessions/sess_gcg9ua9bpvjdk1f05oen4u3bu6, O_RDWR) failed: No such file or directory (2) in /home/ubuntu/workspace/JavaScript-Public/InBrowser/09-Ajax/NumberGuess.php on line 4
[21-Mar-2017 10:31:54 UTC] PHP Stack trace:
[21-Mar-2017 10:31:54 UTC] PHP   1. {main}() /home/ubuntu/workspace/JavaScript-Public/InBrowser/09-Ajax/NumberGuess.php:0
[21-Mar-2017 10:31:54 UTC] PHP   2. session_start() /home/ubuntu/workspace/JavaScript-Public/InBrowser/09-Ajax/NumberGuess.php:4
[21-Mar-2017 10:34:52 UTC] PHP Warning:  session_start(): open(home/ubuntu/workspace/sessions/sess_v58dsba36skmb84gnc35kpnfq1, O_RDWR) failed: No such file or directory (2) in /home/ubuntu/workspace/JavaScript-Public/InBrowser/09-Ajax/NumberGuess.php on line 4
[21-Mar-2017 10:34:52 UTC] PHP Stack trace:
[21-Mar-2017 10:34:52 UTC] PHP   1. {main}() /home/ubuntu/workspace/JavaScript-Public/InBrowser/09-Ajax/NumberGuess.php:0
[21-Mar-2017 10:34:52 UTC] PHP   2. session_start() /home/ubuntu/workspace/JavaScript-Public/InBrowser/09-Ajax/NumberGuess.php:4
[21-Mar-2017 10:35:09 UTC] PHP Warning:  session_start(): open(home/ubuntu/workspace/sessions/sess_3ed9qhn79qga8hq0978dicg7h1, O_RDWR) failed: No such file or directory (2) in /home/ubuntu/workspace/JavaScript-Public/InBrowser/09-Ajax/NumberGuess.php on line 4
[21-Mar-2017 10:35:09 UTC] PHP Stack trace:
[21-Mar-2017 10:35:09 UTC] PHP   1. {main}() /home/ubuntu/workspace/JavaScript-Public/InBrowser/09-Ajax/NumberGuess.php:0
[21-Mar-2017 10:35:09 UTC] PHP   2. session_start() /home/ubuntu/workspace/JavaScript-Public/InBrowser/09-Ajax/NumberGuess.php:4
[29-Mar-2018 15:39:01 UTC] PHP Warning:  max(): Array must contain at least one element in /home/ubuntu/workspace/JavaScript-Public/InBrowser/09-Ajax/AddToList.php on line 61
[29-Mar-2018 15:39:01 UTC] PHP Stack trace:
[29-Mar-2018 15:39:01 UTC] PHP   1. {main}() /home/ubuntu/workspace/JavaScript-Public/InBrowser/09-Ajax/AddToList.php:0
[29-Mar-2018 15:39:01 UTC] PHP   2. fetch() /home/ubuntu/workspace/JavaScript-Public/InBrowser/09-Ajax/AddToList.php:16
[29-Mar-2018 15:39:01 UTC] PHP   3. max() /home/ubuntu/workspace/JavaScript-Public/InBrowser/09-Ajax/AddToList.php:61
[29-Mar-2018 15:42:18 UTC] PHP Warning:  max(): Array must contain at least one element in /home/ubuntu/workspace/JavaScript-Public/InBrowser/09-Ajax/AddToList.php on line 61
[29-Mar-2018 15:42:18 UTC] PHP Stack trace:
[29-Mar-2018 15:42:18 UTC] PHP   1. {main}() /home/ubuntu/workspace/JavaScript-Public/InBrowser/09-Ajax/AddToList.php:0
[29-Mar-2018 15:42:18 UTC] PHP   2. fetch() /home/ubuntu/workspace/JavaScript-Public/InBrowser/09-Ajax/AddToList.php:16
[29-Mar-2018 15:42:18 UTC] PHP   3. max() /home/ubuntu/workspace/JavaScript-Public/InBrowser/09-Ajax/AddToList.php:61
[29-Mar-2018 15:43:29 UTC] PHP Warning:  max(): Array must contain at least one element in /home/ubuntu/workspace/JavaScript-Public/InBrowser/09-Ajax/AddToList.php on line 61
[29-Mar-2018 15:43:29 UTC] PHP Stack trace:
[29-Mar-2018 15:43:29 UTC] PHP   1. {main}() /home/ubuntu/workspace/JavaScript-Public/InBrowser/09-Ajax/AddToList.php:0
[29-Mar-2018 15:43:29 UTC] PHP   2. fetch() /home/ubuntu/workspace/JavaScript-Public/InBrowser/09-Ajax/AddToList.php:16
[29-Mar-2018 15:43:29 UTC] PHP   3. max() /home/ubuntu/workspace/JavaScript-Public/InBrowser/09-Ajax/AddToList.php:61
